make all -f /home/min/Documents/git/Finite_Difference_FWI_PSV/Makefile --print-data-base --no-builtin-variables --no-builtin-rules --question
# GNU Make 4.2.1
# Built for x86_64-pc-linux-gnu
# Copyright (C) 1988-2016 Free Software Foundation, Inc.
# License GPLv3+: GNU GPL version 3 or later <http://gnu.org/licenses/gpl.html>
# This is free software: you are free to change and redistribute it.
# There is NO WARRANTY, to the extent permitted by law.

# Make data base, printed on Thu Apr 15 12:20:12 2021

# Variables

# automatic
<D = $(patsubst %/,%,$(dir $<))
# automatic
?F = $(notdir $?)
# default
.SHELLFLAGS := -c
# environment
XDG_SESSION_CLASS = user
# environment
VSCODE_AGENT_FOLDER = /home/min/.vscode-server
# makefile (from '/home/min/Documents/git/Finite_Difference_FWI_PSV/Makefile', line 12)
SRC := src/h_simulate_PSV.cpp src/h_io_PSV.cpp src/h_preproc_PSV.cpp src/h_checkfd_ssg_elastic.cpp src/h_holbergcoeff.cpp src/h_main.cpp src/cpu/n_simulate_PSV.cpp src/cpu/n_step_length_PSV.cpp src/cpu/n_PCG_PSV.cpp src/cpu/n_kernel_lib_PSV.cpp src/cpu/n_alloc_PSV.cpp src/cpu/n_kernel_PSV.cpp  
# environment
XDG_SESSION_TYPE = tty
# environment
VSCODE_LOG_NATIVE = false
# makefile (from '/home/min/Documents/git/Finite_Difference_FWI_PSV/Makefile', line 7)
TARGET := seis_fwi
# automatic
?D = $(patsubst %/,%,$(dir $?))
# automatic
@D = $(patsubst %/,%,$(dir $@))
# automatic
@F = $(notdir $@)
# default
MAKE_VERSION := 4.2.1
# makefile
CURDIR := /home/min/Documents/git/Finite_Difference_FWI_PSV
# makefile
SHELL = /bin/sh
# environment
VSCODE_NLS_CONFIG = {"locale":"en","availableLanguages":{}}
# environment
_ = /home/min/.vscode-server/bin/3c4e3df9e89829dce27b7b5c24508306b151f30d/node
# makefile (from '/home/min/Documents/git/Finite_Difference_FWI_PSV/Makefile', line 1)
MAKEFILE_LIST :=  /home/min/Documents/git/Finite_Difference_FWI_PSV/Makefile
# 'override' directive
GNUMAKEFLAGS := 
# makefile (from '/home/min/Documents/git/Finite_Difference_FWI_PSV/Makefile', line 5)
OBJ_DIR := obj
# makefile (from '/home/min/Documents/git/Finite_Difference_FWI_PSV/Makefile', line 3)
CXXFLAGS := 
# environment
XDG_DATA_DIRS = /usr/local/share:/usr/share:/var/lib/snapd/desktop
# environment
DBUS_SESSION_BUS_ADDRESS = unix:path=/run/user/1001/bus
# environment
VSCODE_VERBOSE_LOGGING = true
# environment
LESSOPEN = | /usr/bin/lesspipe %s
# environment
VSCODE_CWD = /home/min
# environment
SSH_CONNECTION = 134.245.30.131 50140 134.245.30.91 22
# environment
PATH = /home/min/.vscode-server/bin/3c4e3df9e89829dce27b7b5c24508306b151f30d/bin:/home/min/.vscode-server/bin/3c4e3df9e89829dce27b7b5c24508306b151f30d/bin:/usr/local/sbin:/usr/local/bin:/usr/sbin:/usr/bin:/sbin:/bin:/usr/games:/usr/local/games:/snap/bin
# environment
XDG_RUNTIME_DIR = /run/user/1001
# makefile (from '/home/min/Documents/git/Finite_Difference_FWI_PSV/Makefile', line 13)
SRC_CUDA := src/cuda/d_simulate_PSV.cu
# environment
VSCODE_LOG_STACK = false
# environment
VSCODE_IPC_HOOK_CLI = /run/user/1001/vscode-ipc-8490afd8-935c-4dbb-947d-9e128cad99f4.sock
# makefile (from '/home/min/Documents/git/Finite_Difference_FWI_PSV/Makefile', line 4)
LDFLAGS := -L/usr/lib -L/usr/lib/cuda -lstdc++ -lm -lcudart 
# makefile (from '/home/min/Documents/git/Finite_Difference_FWI_PSV/Makefile', line 15)
LIB = 
# default
.FEATURES := target-specific order-only second-expansion else-if shortest-stem undefine oneshell archives jobserver output-sync check-symlink load
# environment
LS_COLORS = 
# automatic
%F = $(notdir $%)
# environment
VSCODE_PIPE_LOGGING = true
# environment
PWD = /home/min/Documents/git/Finite_Difference_FWI_PSV
# makefile (from '/home/min/Documents/git/Finite_Difference_FWI_PSV/Makefile', line 2)
CUXX := nvcc 
# default
.LOADED := 
# automatic
*D = $(patsubst %/,%,$(dir $*))
# environment
VSCODE_AMD_ENTRYPOINT = vs/server/remoteExtensionHostProcess
# environment
HOME = /home/min
# environment
LESSCLOSE = /usr/bin/lesspipe %s %s
# environment
LOGNAME = min
# environment
APPLICATION_INSIGHTS_NO_DIAGNOSTIC_CHANNEL = true
# automatic
+F = $(notdir $+)
# environment
VSCODE_HANDLES_UNCAUGHT_ERRORS = true
# automatic
^D = $(patsubst %/,%,$(dir $^))
# environment
MAKELEVEL := 0
# default
MAKE = $(MAKE_COMMAND)
# default
MAKECMDGOALS := all
# environment
SHLVL = 0
# environment
XDG_SESSION_ID = 4
# environment
USER = min
# makefile
.DEFAULT_GOAL := all
# makefile (from '/home/min/Documents/git/Finite_Difference_FWI_PSV/Makefile', line 8)
INCLUDE := -Iinclude -Iinclude/cpu 
# automatic
%D = $(patsubst %/,%,$(dir $%))
# default
MAKE_COMMAND := make
# default
.VARIABLES := 
# automatic
*F = $(notdir $*)
# makefile
MAKEFLAGS = pqrR
# environment
MFLAGS = -pqrR
# environment
SSH_CLIENT = 134.245.30.131 50140 22
# automatic
+D = $(patsubst %/,%,$(dir $+))
# environment
BROWSER = /home/min/.vscode-server/bin/3c4e3df9e89829dce27b7b5c24508306b151f30d/bin/helpers/browser.sh
# makefile (from '/home/min/Documents/git/Finite_Difference_FWI_PSV/Makefile', line 9)
INCLUDE_CUDA := -Iinclude/cuda
# default
MAKEFILES := 
# automatic
<F = $(notdir $<)
# makefile (from '/home/min/Documents/git/Finite_Difference_FWI_PSV/Makefile', line 1)
CXX := g++
# automatic
^F = $(notdir $^)
# default
SUFFIXES := 
# default
.INCLUDE_DIRS = /usr/include /usr/local/include /usr/include
# environment
VSCODE_INJECT_NODE_MODULE_LOOKUP_PATH = /home/min/.vscode-server/bin/3c4e3df9e89829dce27b7b5c24508306b151f30d/remote/node_modules
# default
.RECIPEPREFIX := 
# makefile (from '/home/min/Documents/git/Finite_Difference_FWI_PSV/Makefile', line 17)
OBJECTS := obj/src/h_simulate_PSV.o obj/src/h_io_PSV.o obj/src/h_preproc_PSV.o obj/src/h_checkfd_ssg_elastic.o obj/src/h_holbergcoeff.o obj/src/h_main.o obj/src/cpu/n_simulate_PSV.o obj/src/cpu/n_step_length_PSV.o obj/src/cpu/n_PCG_PSV.o obj/src/cpu/n_kernel_lib_PSV.o obj/src/cpu/n_alloc_PSV.o obj/src/cpu/n_kernel_PSV.o obj/src/cuda/d_simulate_PSV.o 
# default
MAKE_HOST := x86_64-pc-linux-gnu
# environment
LANG = en_US.UTF-8
# environment
VSCODE_EXTHOST_WILL_SEND_SOCKET = true
# environment
MOTD_SHOWN = pam
# makefile (from '/home/min/Documents/git/Finite_Difference_FWI_PSV/Makefile', line 6)
APP_DIR := bin
# variable set hash-table stats:
# Load=82/1024=8%, Rehash=0, Collisions=10/126=8%

# Pattern-specific Variable Values

# No pattern-specific variable values.

# Directories

# src/cpu (device 2050, inode 99681618): 8 files, no impossibilities.
# src/cuda (device 2050, inode 99681625): 3 files, no impossibilities.
# src (device 2050, inode 99418156): 11 files, no impossibilities.
# ext: could not be stat'd.

# 22 files, no impossibilities in 4 directories.

# Implicit Rules

obj/%.o: %.cpp
#  recipe to execute (from '/home/min/Documents/git/Finite_Difference_FWI_PSV/Makefile', line 23):
	@mkdir -p $(@D)
	$(CXX) $(CXXFLAGS) $(INCLUDE) $(INCLUDE_CUDA) -c $< -o $@ $(LDFLAGS)

obj/%.o: %.cu
#  recipe to execute (from '/home/min/Documents/git/Finite_Difference_FWI_PSV/Makefile', line 27):
	@mkdir -p $(@D)
	$(CUXX) -arch $(CXXFLAGS)  -c $< -o $@ $(LDFLAGS)

# 2 implicit rules, 0 (0.0%) terminal.

# Files

all: build bin/seis_fwi
#  Phony target (prerequisite of .PHONY).
#  Command line target.
#  Implicit rule search has not been done.
#  File does not exist.
#  File has been updated.
#  Needs to be updated (-q is set).
# variable set hash-table stats:
# Load=0/32=0%, Rehash=0, Collisions=0/5=0%

# Not a target:
obj/src/cpu/n_step_length_PSV.o:
#  Implicit rule search has not been done.
#  Modification time never checked.
#  File has not been updated.

# Not a target:
obj/src/cpu/n_simulate_PSV.o:
#  Implicit rule search has not been done.
#  Modification time never checked.
#  File has not been updated.

.PHONY: all build clean debug release
#  Implicit rule search has not been done.
#  Modification time never checked.
#  File has not been updated.

# Not a target:
obj/src/cpu/n_alloc_PSV.o:
#  Implicit rule search has not been done.
#  Modification time never checked.
#  File has not been updated.

# Not a target:
obj/src/cpu/n_PCG_PSV.o:
#  Implicit rule search has not been done.
#  Modification time never checked.
#  File has not been updated.

# Not a target:
.SUFFIXES:
#  Implicit rule search has not been done.
#  Modification time never checked.
#  File has not been updated.

# Not a target:
obj/src/cpu/n_kernel_PSV.o:
#  Implicit rule search has not been done.
#  Modification time never checked.
#  File has not been updated.

# makefile (from '/home/min/Documents/git/Finite_Difference_FWI_PSV/Makefile', line 40)
debug: CXXFLAGS += -DDEBUG -g
debug: all
#  Phony target (prerequisite of .PHONY).
#  Implicit rule search has not been done.
#  File does not exist.
#  File has not been updated.
# variable set hash-table stats:
# Load=1/32=3%, Rehash=0, Collisions=0/2=0%

build:
#  Phony target (prerequisite of .PHONY).
#  Implicit rule search has not been done.
#  Implicit/static pattern stem: ''
#  File does not exist.
#  File has been updated.
#  Needs to be updated (-q is set).
# automatic
# @ := build
# automatic
# % := 
 
# automatic
# * := 
# automatic
# + := 
# automatic
# | := 
# automatic
# < := 
# automatic
# ^ := 
# automatic
# ? := 
# variable set hash-table stats:
# Load=8/32=25%, Rehash=0, Collisions=1/13=8%
#  recipe to execute (from '/home/min/Documents/git/Finite_Difference_FWI_PSV/Makefile', line 37):
	@mkdir -p $(APP_DIR)
	@mkdir -p $(OBJ_DIR)

# Not a target:
obj/src/cuda/d_simulate_PSV.o:
#  Implicit rule search has not been done.
#  Modification time never checked.
#  File has not been updated.

# Not a target:
obj/src/h_checkfd_ssg_elastic.o:
#  Implicit rule search has not been done.
#  Modification time never checked.
#  File has not been updated.

# Not a target:
obj/src/h_preproc_PSV.o:
#  Implicit rule search has not been done.
#  Modification time never checked.
#  File has not been updated.

# Not a target:
obj/src/h_io_PSV.o:
#  Implicit rule search has not been done.
#  Modification time never checked.
#  File has not been updated.

# Not a target:
/home/min/Documents/git/Finite_Difference_FWI_PSV/Makefile:
#  Implicit rule search has been done.
#  Last modified 2021-04-15 12:20:10.469105404
#  File has been updated.
#  Successfully updated.

bin/seis_fwi: obj/src/h_simulate_PSV.o obj/src/h_io_PSV.o obj/src/h_preproc_PSV.o obj/src/h_checkfd_ssg_elastic.o obj/src/h_holbergcoeff.o obj/src/h_main.o obj/src/cpu/n_simulate_PSV.o obj/src/cpu/n_step_length_PSV.o obj/src/cpu/n_PCG_PSV.o obj/src/cpu/n_kernel_lib_PSV.o obj/src/cpu/n_alloc_PSV.o obj/src/cpu/n_kernel_PSV.o obj/src/cuda/d_simulate_PSV.o
#  Implicit rule search has not been done.
#  Modification time never checked.
#  File has not been updated.
#  recipe to execute (from '/home/min/Documents/git/Finite_Difference_FWI_PSV/Makefile', line 31):
	@mkdir -p $(@D)
	$(CXX) $(CXXFLAGS) -o $(APP_DIR)/$(TARGET) $^ $(LDFLAGS)

# makefile (from '/home/min/Documents/git/Finite_Difference_FWI_PSV/Makefile', line 43)
release: CXXFLAGS += -O2
release: all
#  Phony target (prerequisite of .PHONY).
#  Implicit rule search has not been done.
#  File does not exist.
#  File has not been updated.
# variable set hash-table stats:
# Load=1/32=3%, Rehash=0, Collisions=0/2=0%

# Not a target:
.DEFAULT:
#  Implicit rule search has not been done.
#  Modification time never checked.
#  File has not been updated.

run:
#  Implicit rule search has not been done.
#  Modification time never checked.
#  File has not been updated.
#  recipe to execute (from '/home/min/Documents/git/Finite_Difference_FWI_PSV/Makefile', line 47):
	python3 ./scripts/pre_proc.py
	$(APP_DIR)/$(TARGET) 
	#python3 ./scripts/post_proc.py

clean:
#  Phony target (prerequisite of .PHONY).
#  Implicit rule search has not been done.
#  File does not exist.
#  File has not been updated.
 
#  recipe to execute (from '/home/min/Documents/git/Finite_Difference_FWI_PSV/Makefile', line 52):
	-@rm -rvf $(OBJ_DIR)/*
	-@rm -rvf $(APP_DIR)/*

# Not a target:
obj/src/cpu/n_kernel_lib_PSV.o:
#  Implicit rule search has not been done.
#  Modification time never checked.
#  File has not been updated.

# Not a target:
obj/src/h_main.o:
#  Implicit rule search has not been done.
#  Modification time never checked.
#  File has not been updated.

# Not a target:
obj/src/h_holbergcoeff.o:
#  Implicit rule search has not been done.
#  Modification time never checked.
#  File has not been updated.

# Not a target:
obj/src/h_simulate_PSV.o:
#  Implicit rule search has not been done.
#  Modification time never checked.
#  File has not been updated.

# files hash-table stats:
# Load=24/1024=2%, Rehash=0, Collisions=0/65=0%
# VPATH Search Paths

# No 'vpath' search paths.

# No general ('VPATH' variable) search path.

# strcache buffers: 1 (0) / strings = 51 / storage = 803 B / avg = 15 B
# current buf: size = 8162 B / used = 803 B / count = 51 / avg = 15 B

# strcache performance: lookups = 80 / hit rate = 36%
# hash-table stats:
# Load=51/8192=1%, Rehash=0, Collisions=4/80=5%
# Finished Make data base on Thu Apr 15 12:20:12 2021

 
